<?xml version="1.0" encoding="UTF-8"?>
<testsuites name="all_envs" time="15" tests="0" failures="1" errors="0">
   <testsuite name="all_envs" tests="0" failures="1" errors="0" time="15" timestamp="2018-06-20 16:19:21" hostname="smaniiyer - pVDPERVM019.triaddigital.local" id="Test Suites/all_envs">
      <properties>
         <property name="deviceName" value=""/>
         <property name="devicePlatform" value=""/>
         <property name="logFolder" value="C:\\Users\\smaniiyer\\Katalon Studio\\01_HMK_P5789\\Reports\\all_envs\\20180620_161915"/>
         <property name="logFiles" value="C:\\Users\\smaniiyer\\Katalon Studio\\01_HMK_P5789\\Reports\\all_envs\\20180620_161915\\execution0.log, C:\\Users\\smaniiyer\\Katalon Studio\\01_HMK_P5789\\Reports\\all_envs\\20180620_161915\\IEDriverServer.log"/>
         <property name="attachments" value=""/>
         <property name="hostName" value="smaniiyer - pVDPERVM019.triaddigital.local"/>
         <property name="os" value="Windows 8.1 64bit"/>
         <property name="katalonVersion" value="5.4.2.1"/>
         <property name="browser" value="IE 11"/>
         <property name="hostAddress" value="10.2.70.215"/>
         <property name="sessionId" value="f56e8dd5-b4fd-4bc1-b41d-eefbe52cfe93"/>
         <property name="seleniumVersion" value="3.7.1"/>
         <property name="proxyInformation" value="ProxyInformation{proxyOption=NO_PROXY, proxyServerType=HTTP, password=, proxyServerAddress=, proxyServerPort=0}"/>
         <property name="platform" value="Windows 8.1"/>
      </properties>
      <testcase name="Test Cases/New Test Case" classname="Test Cases/New Test Case" status="FAILED">
         <failure type="FAILED" message="Unable to click on object 'Object Repository/Greeting_Cards_Hallmark/h4_Birthday Cards' (Root cause: org.openqa.selenium.NoSuchWindowException: Unable to find elements on closed window
Build info: version: '3.7.1', revision: '8a0099a', time: '2017-11-06T21:07:36.161Z'
System info: host: 'PVDPERVM019', ip: '10.2.70.215', os.name: 'Windows 8.1', os.arch: 'amd64', os.version: '6.3', java.version: '1.8.0_102'
Driver info: com.kms.katalon.selenium.driver.CInternetExplorerDriver
Capabilities {acceptInsecureCerts: false, browserName: internet explorer, browserVersion: 11, javascriptEnabled: true, pageLoadStrategy: normal, platform: WINDOWS, platformName: WINDOWS, se:ieOptions: {browserAttachTimeout: 0, elementScrollBehavior: 0, enablePersistentHover: true, ie.browserCommandLineSwitches: , ie.ensureCleanSession: false, ie.fileUploadDialogTimeout: 3000, ie.forceCreateProcessApi: false, ignoreProtectedModeSettings: false, ignoreZoomSetting: false, initialBrowserUrl: http://localhost:4982/, nativeEvents: true, requireWindowFocus: false}, setWindowRect: true}
Session ID: f56e8dd5-b4fd-4bc1-b41d-eefbe52cfe93
*** Element info: {Using=xpath, value=//h4[(text() = 'Birthday Cards' or . = 'Birthday Cards')]})"/>
         <system-out><![CDATA[2018-06-20 16:19:22 - [TEST_CASE][FAILED] - Test Cases/New Test Case: Test Cases/New Test Case FAILED because (of) Unable to click on object 'Object Repository/Greeting_Cards_Hallmark/h4_Birthday Cards' (Root cause: org.openqa.selenium.NoSuchWindowException: Unable to find elements on closed window
Build info: version: '3.7.1', revision: '8a0099a', time: '2017-11-06T21:07:36.161Z'
System info: host: 'PVDPERVM019', ip: '10.2.70.215', os.name: 'Windows 8.1', os.arch: 'amd64', os.version: '6.3', java.version: '1.8.0_102'
Driver info: com.kms.katalon.selenium.driver.CInternetExplorerDriver
Capabilities {acceptInsecureCerts: false, browserName: internet explorer, browserVersion: 11, javascriptEnabled: true, pageLoadStrategy: normal, platform: WINDOWS, platformName: WINDOWS, se:ieOptions: {browserAttachTimeout: 0, elementScrollBehavior: 0, enablePersistentHover: true, ie.browserCommandLineSwitches: , ie.ensureCleanSession: false, ie.fileUploadDialogTimeout: 3000, ie.forceCreateProcessApi: false, ignoreProtectedModeSettings: false, ignoreZoomSetting: false, initialBrowserUrl: http://localhost:4982/, nativeEvents: true, requireWindowFocus: false}, setWindowRect: true}
Session ID: f56e8dd5-b4fd-4bc1-b41d-eefbe52cfe93
*** Element info: {Using=xpath, value=//h4[(text() = 'Birthday Cards' or . = 'Birthday Cards')]})

2018-06-20 16:19:23 - [TEST_STEP][PASSED] - openBrowser: Browser is opened with url: ''

2018-06-20 16:19:34 - [MESSAGE][PASSED] - Browser is opened with url: ''

2018-06-20 16:19:34 - [TEST_STEP][PASSED] - navigateToUrl: Navigate to 'https://staging-walmart.triadretail.net/hallmark' successfully

2018-06-20 16:19:34 - [MESSAGE][PASSED] - Navigate to 'https://staging-walmart.triadretail.net/hallmark' successfully

2018-06-20 16:19:34 - [TEST_STEP][FAILED] - click: Unable to click on object 'Object Repository/Greeting_Cards_Hallmark/h4_Birthday Cards' (Root cause: org.openqa.selenium.NoSuchWindowException: Unable to find elements on closed window
Build info: version: '3.7.1', revision: '8a0099a', time: '2017-11-06T21:07:36.161Z'
System info: host: 'PVDPERVM019', ip: '10.2.70.215', os.name: 'Windows 8.1', os.arch: 'amd64', os.version: '6.3', java.version: '1.8.0_102'
Driver info: com.kms.katalon.selenium.driver.CInternetExplorerDriver
Capabilities {acceptInsecureCerts: false, browserName: internet explorer, browserVersion: 11, javascriptEnabled: true, pageLoadStrategy: normal, platform: WINDOWS, platformName: WINDOWS, se:ieOptions: {browserAttachTimeout: 0, elementScrollBehavior: 0, enablePersistentHover: true, ie.browserCommandLineSwitches: , ie.ensureCleanSession: false, ie.fileUploadDialogTimeout: 3000, ie.forceCreateProcessApi: false, ignoreProtectedModeSettings: false, ignoreZoomSetting: false, initialBrowserUrl: http://localhost:4982/, nativeEvents: true, requireWindowFocus: false}, setWindowRect: true}
Session ID: f56e8dd5-b4fd-4bc1-b41d-eefbe52cfe93
*** Element info: {Using=xpath, value=//h4[(text() = 'Birthday Cards' or . = 'Birthday Cards')]})

2018-06-20 16:19:36 - [MESSAGE][WARNING] - Cannot take screenshot

2018-06-20 16:19:36 - [MESSAGE][FAILED] - Unable to click on object 'Object Repository/Greeting_Cards_Hallmark/h4_Birthday Cards' (Root cause: org.openqa.selenium.NoSuchWindowException: Unable to find elements on closed window
Build info: version: '3.7.1', revision: '8a0099a', time: '2017-11-06T21:07:36.161Z'
System info: host: 'PVDPERVM019', ip: '10.2.70.215', os.name: 'Windows 8.1', os.arch: 'amd64', os.version: '6.3', java.version: '1.8.0_102'
Driver info: com.kms.katalon.selenium.driver.CInternetExplorerDriver
Capabilities {acceptInsecureCerts: false, browserName: internet explorer, browserVersion: 11, javascriptEnabled: true, pageLoadStrategy: normal, platform: WINDOWS, platformName: WINDOWS, se:ieOptions: {browserAttachTimeout: 0, elementScrollBehavior: 0, enablePersistentHover: true, ie.browserCommandLineSwitches: , ie.ensureCleanSession: false, ie.fileUploadDialogTimeout: 3000, ie.forceCreateProcessApi: false, ignoreProtectedModeSettings: false, ignoreZoomSetting: false, initialBrowserUrl: http://localhost:4982/, nativeEvents: true, requireWindowFocus: false}, setWindowRect: true}
Session ID: f56e8dd5-b4fd-4bc1-b41d-eefbe52cfe93
*** Element info: {Using=xpath, value=//h4[(text() = 'Birthday Cards' or . = 'Birthday Cards')]})]]></system-out>
         <system-err><![CDATA[2018-06-20 16:19:22 - [TEST_CASE][FAILED] - Test Cases/New Test Case: Test Cases/New Test Case FAILED because (of) Unable to click on object 'Object Repository/Greeting_Cards_Hallmark/h4_Birthday Cards' (Root cause: org.openqa.selenium.NoSuchWindowException: Unable to find elements on closed window
Build info: version: '3.7.1', revision: '8a0099a', time: '2017-11-06T21:07:36.161Z'
System info: host: 'PVDPERVM019', ip: '10.2.70.215', os.name: 'Windows 8.1', os.arch: 'amd64', os.version: '6.3', java.version: '1.8.0_102'
Driver info: com.kms.katalon.selenium.driver.CInternetExplorerDriver
Capabilities {acceptInsecureCerts: false, browserName: internet explorer, browserVersion: 11, javascriptEnabled: true, pageLoadStrategy: normal, platform: WINDOWS, platformName: WINDOWS, se:ieOptions: {browserAttachTimeout: 0, elementScrollBehavior: 0, enablePersistentHover: true, ie.browserCommandLineSwitches: , ie.ensureCleanSession: false, ie.fileUploadDialogTimeout: 3000, ie.forceCreateProcessApi: false, ignoreProtectedModeSettings: false, ignoreZoomSetting: false, initialBrowserUrl: http://localhost:4982/, nativeEvents: true, requireWindowFocus: false}, setWindowRect: true}
Session ID: f56e8dd5-b4fd-4bc1-b41d-eefbe52cfe93
*** Element info: {Using=xpath, value=//h4[(text() = 'Birthday Cards' or . = 'Birthday Cards')]})]]></system-err>
      </testcase>
      <system-out><![CDATA[2018-06-20 16:19:21 - [TEST_SUITE][FAILED] - all_envs: Test Cases/New Test Case FAILED because (of) Unable to click on object 'Object Repository/Greeting_Cards_Hallmark/h4_Birthday Cards' (Root cause: org.openqa.selenium.NoSuchWindowException: Unable to find elements on closed window
Build info: version: '3.7.1', revision: '8a0099a', time: '2017-11-06T21:07:36.161Z'
System info: host: 'PVDPERVM019', ip: '10.2.70.215', os.name: 'Windows 8.1', os.arch: 'amd64', os.version: '6.3', java.version: '1.8.0_102'
Driver info: com.kms.katalon.selenium.driver.CInternetExplorerDriver
Capabilities {acceptInsecureCerts: false, browserName: internet explorer, browserVersion: 11, javascriptEnabled: true, pageLoadStrategy: normal, platform: WINDOWS, platformName: WINDOWS, se:ieOptions: {browserAttachTimeout: 0, elementScrollBehavior: 0, enablePersistentHover: true, ie.browserCommandLineSwitches: , ie.ensureCleanSession: false, ie.fileUploadDialogTimeout: 3000, ie.forceCreateProcessApi: false, ignoreProtectedModeSettings: false, ignoreZoomSetting: false, initialBrowserUrl: http://localhost:4982/, nativeEvents: true, requireWindowFocus: false}, setWindowRect: true}
Session ID: f56e8dd5-b4fd-4bc1-b41d-eefbe52cfe93
*** Element info: {Using=xpath, value=//h4[(text() = 'Birthday Cards' or . = 'Birthday Cards')]})]]></system-out>
      <system-err><![CDATA[2018-06-20 16:19:21 - [TEST_SUITE][FAILED] - all_envs: Test Cases/New Test Case FAILED because (of) Unable to click on object 'Object Repository/Greeting_Cards_Hallmark/h4_Birthday Cards' (Root cause: org.openqa.selenium.NoSuchWindowException: Unable to find elements on closed window
Build info: version: '3.7.1', revision: '8a0099a', time: '2017-11-06T21:07:36.161Z'
System info: host: 'PVDPERVM019', ip: '10.2.70.215', os.name: 'Windows 8.1', os.arch: 'amd64', os.version: '6.3', java.version: '1.8.0_102'
Driver info: com.kms.katalon.selenium.driver.CInternetExplorerDriver
Capabilities {acceptInsecureCerts: false, browserName: internet explorer, browserVersion: 11, javascriptEnabled: true, pageLoadStrategy: normal, platform: WINDOWS, platformName: WINDOWS, se:ieOptions: {browserAttachTimeout: 0, elementScrollBehavior: 0, enablePersistentHover: true, ie.browserCommandLineSwitches: , ie.ensureCleanSession: false, ie.fileUploadDialogTimeout: 3000, ie.forceCreateProcessApi: false, ignoreProtectedModeSettings: false, ignoreZoomSetting: false, initialBrowserUrl: http://localhost:4982/, nativeEvents: true, requireWindowFocus: false}, setWindowRect: true}
Session ID: f56e8dd5-b4fd-4bc1-b41d-eefbe52cfe93
*** Element info: {Using=xpath, value=//h4[(text() = 'Birthday Cards' or . = 'Birthday Cards')]})]]></system-err>
   </testsuite>
</testsuites>
