<?xml version="1.0" encoding="UTF-8"?>
<testsuites name="all_env" time="12" tests="1" failures="0" errors="0">
   <testsuite name="all_env" tests="1" failures="0" errors="0" time="12" timestamp="2018-06-19 21:22:19" hostname="smaniiyer - pVDPERVM019.triaddigital.local" id="Test Suites/all_env">
      <properties>
         <property name="deviceName" value=""/>
         <property name="devicePlatform" value=""/>
         <property name="logFolder" value="C:\\Users\\smaniiyer\\Katalon Studio\\01_MAR_Q1718\\Reports\\all_env\\20180619_212215"/>
         <property name="logFiles" value="C:\\Users\\smaniiyer\\Katalon Studio\\01_MAR_Q1718\\Reports\\all_env\\20180619_212215\\execution0.log"/>
         <property name="attachments" value=""/>
         <property name="hostName" value="smaniiyer - pVDPERVM019.triaddigital.local"/>
         <property name="os" value="Windows 8.1 64bit"/>
         <property name="katalonVersion" value="5.4.2.1"/>
         <property name="browser" value="Chrome 66.0.3359.181"/>
         <property name="hostAddress" value="10.2.70.215"/>
         <property name="sessionId" value="52f53af0bca0525c7cb96d5df20ae0e1"/>
         <property name="seleniumVersion" value="3.7.1"/>
         <property name="proxyInformation" value="ProxyInformation{proxyOption=NO_PROXY, proxyServerType=HTTP, password=, proxyServerAddress=, proxyServerPort=0}"/>
         <property name="platform" value="Windows 8.1"/>
      </properties>
      <testcase name="Test Cases/New Test Case" classname="Test Cases/New Test Case" status="PASSED">
         <system-out><![CDATA[2018-06-19 21:22:20 - [TEST_CASE][PASSED] - Test Cases/New Test Case: Test Cases/New Test Case

2018-06-19 21:22:20 - [TEST_STEP][PASSED] - openBrowser: Browser is opened with url: ''

2018-06-19 21:22:27 - [MESSAGE][PASSED] - Browser is opened with url: ''

2018-06-19 21:22:27 - [TEST_STEP][PASSED] - navigateToUrl: Navigate to 'https://staging-walmart.triadretail.net/MadeforSummer' successfully

2018-06-19 21:22:29 - [MESSAGE][PASSED] - Navigate to 'https://staging-walmart.triadretail.net/MadeforSummer' successfully

2018-06-19 21:22:29 - [TEST_STEP][PASSED] - click: Object: 'Object Repository/Made_for_Summer_Mars_Candy/img' is clicked on

2018-06-19 21:22:30 - [MESSAGE][PASSED] - Object: 'Object Repository/Made_for_Summer_Mars_Candy/img' is clicked on

2018-06-19 21:22:30 - [TEST_STEP][PASSED] - verifyElementPresent: Object 'Object Repository/spy_Made_for_Summer/img' is present

2018-06-19 21:22:30 - [MESSAGE][WARNING] - Timeout '0' is invalid. Using default page load timeout: '30'

2018-06-19 21:22:30 - [MESSAGE][PASSED] - Object 'Object Repository/spy_Made_for_Summer/img' is present

2018-06-19 21:22:30 - [TEST_STEP][PASSED] - verifyElementPresent: Object 'Object Repository/spy_Made_for_Summer/img (3)' is present

2018-06-19 21:22:30 - [MESSAGE][WARNING] - Timeout '0' is invalid. Using default page load timeout: '30'

2018-06-19 21:22:30 - [MESSAGE][PASSED] - Object 'Object Repository/spy_Made_for_Summer/img (3)' is present

2018-06-19 21:22:30 - [TEST_STEP][PASSED] - verifyElementPresent: Object 'Object Repository/spy_Made_for_Summer/img (2)' is present

2018-06-19 21:22:30 - [MESSAGE][WARNING] - Timeout '0' is invalid. Using default page load timeout: '30'

2018-06-19 21:22:30 - [MESSAGE][PASSED] - Object 'Object Repository/spy_Made_for_Summer/img (2)' is present

2018-06-19 21:22:30 - [TEST_STEP][PASSED] - verifyElementPresent: Object 'Object Repository/spy_Made_for_Summer/img (1)' is present

2018-06-19 21:22:30 - [MESSAGE][WARNING] - Timeout '0' is invalid. Using default page load timeout: '30'

2018-06-19 21:22:30 - [MESSAGE][PASSED] - Object 'Object Repository/spy_Made_for_Summer/img (1)' is present

2018-06-19 21:22:30 - [TEST_STEP][PASSED] - verifyElementPresent: Object 'Object Repository/spy_Made_for_Summer/h4_MMs Treat Pops' is present

2018-06-19 21:22:30 - [MESSAGE][WARNING] - Timeout '0' is invalid. Using default page load timeout: '30'

2018-06-19 21:22:30 - [MESSAGE][PASSED] - Object 'Object Repository/spy_Made_for_Summer/h4_MMs Treat Pops' is present

2018-06-19 21:22:30 - [TEST_STEP][PASSED] - verifyElementPresent: Object 'Object Repository/spy_Made_for_Summer/h1_Make Summer Mmmemorable' is present

2018-06-19 21:22:30 - [MESSAGE][WARNING] - Timeout '0' is invalid. Using default page load timeout: '30'

2018-06-19 21:22:30 - [MESSAGE][PASSED] - Object 'Object Repository/spy_Made_for_Summer/h1_Make Summer Mmmemorable' is present

2018-06-19 21:22:30 - [TEST_STEP][PASSED] - verifyElementPresent: Object 'Object Repository/spy_Made_for_Summer/h1_How Sweet It Is' is present

2018-06-19 21:22:30 - [MESSAGE][WARNING] - Timeout '0' is invalid. Using default page load timeout: '30'

2018-06-19 21:22:31 - [MESSAGE][PASSED] - Object 'Object Repository/spy_Made_for_Summer/h1_How Sweet It Is' is present

2018-06-19 21:22:31 - [TEST_STEP][PASSED] - verifyElementPresent: Object 'Object Repository/spy_Made_for_Summer/div_Skittles All American Cand' is present

2018-06-19 21:22:31 - [MESSAGE][WARNING] - Timeout '0' is invalid. Using default page load timeout: '30'

2018-06-19 21:22:31 - [MESSAGE][PASSED] - Object 'Object Repository/spy_Made_for_Summer/div_Skittles All American Cand' is present

2018-06-19 21:22:31 - [TEST_STEP][PASSED] - verifyElementPresent: Object 'Object Repository/spy_Made_for_Summer/div_RecipeMMs Treat PopsRecipe' is present

2018-06-19 21:22:31 - [MESSAGE][WARNING] - Timeout '0' is invalid. Using default page load timeout: '30'

2018-06-19 21:22:31 - [MESSAGE][PASSED] - Object 'Object Repository/spy_Made_for_Summer/div_RecipeMMs Treat PopsRecipe' is present

2018-06-19 21:22:31 - [TEST_STEP][PASSED] - verifyElementPresent: Object 'Object Repository/spy_Made_for_Summer/button_Next' is present

2018-06-19 21:22:31 - [MESSAGE][WARNING] - Timeout '0' is invalid. Using default page load timeout: '30'

2018-06-19 21:22:31 - [MESSAGE][PASSED] - Object 'Object Repository/spy_Made_for_Summer/button_Next' is present

2018-06-19 21:22:31 - [TEST_STEP][PASSED] - verifyElementPresent: Object 'Object Repository/spy_Made_for_Summer/a_Tile-linkOverlay js-tile-lin' is present

2018-06-19 21:22:31 - [MESSAGE][WARNING] - Timeout '0' is invalid. Using default page load timeout: '30'

2018-06-19 21:22:31 - [MESSAGE][PASSED] - Object 'Object Repository/spy_Made_for_Summer/a_Tile-linkOverlay js-tile-lin' is present

2018-06-19 21:22:31 - [TEST_STEP][PASSED] - verifyElementPresent: Object 'Object Repository/spy_Made_for_Summer/a_Tile-linkOverlay js-tile-lin (3)' is present

2018-06-19 21:22:31 - [MESSAGE][WARNING] - Timeout '0' is invalid. Using default page load timeout: '30'

2018-06-19 21:22:31 - [MESSAGE][PASSED] - Object 'Object Repository/spy_Made_for_Summer/a_Tile-linkOverlay js-tile-lin (3)' is present

2018-06-19 21:22:31 - [TEST_STEP][PASSED] - verifyElementPresent: Object 'Object Repository/spy_Made_for_Summer/a_Tile-linkOverlay js-tile-lin (2)' is present

2018-06-19 21:22:31 - [MESSAGE][WARNING] - Timeout '0' is invalid. Using default page load timeout: '30'

2018-06-19 21:22:31 - [MESSAGE][PASSED] - Object 'Object Repository/spy_Made_for_Summer/a_Tile-linkOverlay js-tile-lin (2)' is present

2018-06-19 21:22:31 - [TEST_STEP][PASSED] - verifyElementPresent: Object 'Object Repository/spy_Made_for_Summer/a_Tile-linkOverlay js-tile-lin (1)' is present

2018-06-19 21:22:31 - [MESSAGE][WARNING] - Timeout '0' is invalid. Using default page load timeout: '30'

2018-06-19 21:22:31 - [MESSAGE][PASSED] - Object 'Object Repository/spy_Made_for_Summer/a_Tile-linkOverlay js-tile-lin (1)' is present

2018-06-19 21:22:31 - [TEST_STEP][PASSED] - closeBrowser: Browser is closed

2018-06-19 21:22:32 - [MESSAGE][PASSED] - Browser is closed]]></system-out>
         <system-err><![CDATA[]]></system-err>
      </testcase>
      <system-out><![CDATA[2018-06-19 21:22:19 - [TEST_SUITE][PASSED] - all_env: Test Cases/New Test Case]]></system-out>
      <system-err><![CDATA[]]></system-err>
   </testsuite>
</testsuites>
