<?xml version="1.0" encoding="UTF-8"?>
<testsuites name="functionalsuite" time="11" tests="1" failures="0" errors="0">
   <testsuite name="functionalsuite" tests="1" failures="0" errors="0" time="11" timestamp="2018-06-19 20:54:09" hostname="smaniiyer - pVDPERVM019.triaddigital.local" id="Test Suites/functionalsuite">
      <properties>
         <property name="deviceName" value=""/>
         <property name="devicePlatform" value=""/>
         <property name="logFolder" value="C:\\Users\\smaniiyer\\Katalon Studio\\01_SAL_P8917\\Reports\\functionalsuite\\20180619_205404"/>
         <property name="logFiles" value="C:\\Users\\smaniiyer\\Katalon Studio\\01_SAL_P8917\\Reports\\functionalsuite\\20180619_205404\\execution0.log"/>
         <property name="attachments" value=""/>
         <property name="hostName" value="smaniiyer - pVDPERVM019.triaddigital.local"/>
         <property name="os" value="Windows 8.1 64bit"/>
         <property name="katalonVersion" value="5.4.2.1"/>
         <property name="browser" value="Chrome 66.0.3359.181"/>
         <property name="hostAddress" value="10.2.70.215"/>
         <property name="sessionId" value="05d15cc3cbd0cafe44781f1a3f7a0d9b"/>
         <property name="seleniumVersion" value="3.7.1"/>
         <property name="proxyInformation" value="ProxyInformation{proxyOption=NO_PROXY, proxyServerType=HTTP, password=, proxyServerAddress=, proxyServerPort=0}"/>
         <property name="platform" value="Windows 8.1"/>
      </properties>
      <testcase name="Test Cases/New Test Case" classname="Test Cases/New Test Case" status="PASSED">
         <system-out><![CDATA[2018-06-19 20:54:10 - [TEST_CASE][PASSED] - Test Cases/New Test Case: Test Cases/New Test Case

2018-06-19 20:54:11 - [TEST_STEP][PASSED] - openBrowser: Browser is opened with url: ''

2018-06-19 20:54:15 - [MESSAGE][PASSED] - Browser is opened with url: ''

2018-06-19 20:54:15 - [TEST_STEP][PASSED] - navigateToUrl: Navigate to 'https://staging-walmart.triadretail.net/packed-with-love/' successfully

2018-06-19 20:54:18 - [MESSAGE][PASSED] - Navigate to 'https://staging-walmart.triadretail.net/packed-with-love/' successfully

2018-06-19 20:54:18 - [TEST_STEP][PASSED] - maximizeWindow: Current window maximized

2018-06-19 20:54:19 - [MESSAGE][PASSED] - Current window maximized

2018-06-19 20:54:19 - [TEST_STEP][PASSED] - Statement - If (com.kms.katalon.core.webui.keyword.WebUiBuiltInKeywords.verifyElementPresent(com.kms.katalon.core.testobject.ObjectRepository.findTestObject(Object Repository/spy_Packed_With_Love/img), 0, CONTINUE_ON_FAILURE)): Object 'Object Repository/spy_Packed_With_Love/img' is present

2018-06-19 20:54:20 - [MESSAGE][WARNING] - Timeout '0' is invalid. Using default page load timeout: '30'

2018-06-19 20:54:20 - [MESSAGE][PASSED] - Object 'Object Repository/spy_Packed_With_Love/img' is present

2018-06-19 20:54:20 - [TEST_STEP][PASSED] - verifyElementPresent: Object 'Object Repository/spy_Packed_With_Love/img (1)' is present

2018-06-19 20:54:20 - [MESSAGE][PASSED] - Object 'Object Repository/spy_Packed_With_Love/img (1)' is present

2018-06-19 20:54:20 - [TEST_STEP][PASSED] - comment: testing

2018-06-19 20:54:20 - [TEST_STEP][PASSED] - verifyElementPresent: Object 'Object Repository/spy_Packed_With_Love/img' is present

2018-06-19 20:54:20 - [MESSAGE][PASSED] - Object 'Object Repository/spy_Packed_With_Love/img' is present

2018-06-19 20:54:20 - [TEST_STEP][PASSED] - verifyElementPresent: Object 'Object Repository/spy_Packed_With_Love/img (2)' is present

2018-06-19 20:54:20 - [MESSAGE][PASSED] - Object 'Object Repository/spy_Packed_With_Love/img (2)' is present

2018-06-19 20:54:20 - [TEST_STEP][PASSED] - verifyElementPresent: Object 'Object Repository/spy_Packed_With_Love/img (1)' is present

2018-06-19 20:54:20 - [MESSAGE][PASSED] - Object 'Object Repository/spy_Packed_With_Love/img (1)' is present

2018-06-19 20:54:20 - [TEST_STEP][PASSED] - verifyElementPresent: Object 'Object Repository/spy_Packed_With_Love/h2_Stock Up for School' is present

2018-06-19 20:54:20 - [MESSAGE][PASSED] - Object 'Object Repository/spy_Packed_With_Love/h2_Stock Up for School' is present

2018-06-19 20:54:20 - [TEST_STEP][PASSED] - verifyElementPresent: Object 'Object Repository/spy_Packed_With_Love/div_Pretzels' is present

2018-06-19 20:54:20 - [MESSAGE][PASSED] - Object 'Object Repository/spy_Packed_With_Love/div_Pretzels' is present

2018-06-19 20:54:20 - [TEST_STEP][PASSED] - verifyElementPresent: Object 'Object Repository/spy_Packed_With_Love/div_Nuts' is present

2018-06-19 20:54:20 - [MESSAGE][PASSED] - Object 'Object Repository/spy_Packed_With_Love/div_Nuts' is present

2018-06-19 20:54:20 - [TEST_STEP][PASSED] - verifyElementPresent: Object 'Object Repository/spy_Packed_With_Love/div_Lunch Box Love    Share a' is present

2018-06-19 20:54:20 - [MESSAGE][PASSED] - Object 'Object Repository/spy_Packed_With_Love/div_Lunch Box Love    Share a' is present

2018-06-19 20:54:20 - [TEST_STEP][PASSED] - verifyElementPresent: Object 'Object Repository/spy_Packed_With_Love/div_Crackers' is present

2018-06-19 20:54:20 - [MESSAGE][PASSED] - Object 'Object Repository/spy_Packed_With_Love/div_Crackers' is present

2018-06-19 20:54:20 - [TEST_STEP][PASSED] - verifyElementPresent: Object 'Object Repository/spy_Packed_With_Love/a_Tile-linkOverlay js-tile-lin' is present

2018-06-19 20:54:20 - [MESSAGE][PASSED] - Object 'Object Repository/spy_Packed_With_Love/a_Tile-linkOverlay js-tile-lin' is present

2018-06-19 20:54:20 - [TEST_STEP][PASSED] - closeBrowser: Browser is closed

2018-06-19 20:54:21 - [MESSAGE][PASSED] - Browser is closed]]></system-out>
         <system-err><![CDATA[]]></system-err>
      </testcase>
      <system-out><![CDATA[2018-06-19 20:54:09 - [TEST_SUITE][PASSED] - functionalsuite: Test Cases/New Test Case]]></system-out>
      <system-err><![CDATA[]]></system-err>
   </testsuite>
</testsuites>
