<?xml version="1.0" encoding="UTF-8"?>
<testsuites name="firefox" time="23" tests="1" failures="0" errors="0">
   <testsuite name="firefox" tests="1" failures="0" errors="0" time="23" timestamp="2018-06-21 16:25:09" hostname="smaniiyer - pVDPERVM019.triaddigital.local" id="Test Suites/firefox">
      <properties>
         <property name="deviceName" value=""/>
         <property name="devicePlatform" value=""/>
         <property name="logFolder" value="C:\\Users\\smaniiyer\\Katalon Studio\\01_PNG_R9860\\Reports\\firefox\\20180621_162506"/>
         <property name="logFiles" value="C:\\Users\\smaniiyer\\Katalon Studio\\01_PNG_R9860\\Reports\\firefox\\20180621_162506\\execution0.log"/>
         <property name="attachments" value=""/>
         <property name="hostName" value="smaniiyer - pVDPERVM019.triaddigital.local"/>
         <property name="os" value="Windows 8.1 64bit"/>
         <property name="katalonVersion" value="5.4.2.1"/>
         <property name="browser" value="Firefox 54.0"/>
         <property name="hostAddress" value="10.2.70.215"/>
         <property name="sessionId" value="e3a38769-7a19-45a4-b53c-2b583216cd6b"/>
         <property name="seleniumVersion" value="3.7.1"/>
         <property name="proxyInformation" value="ProxyInformation{proxyOption=NO_PROXY, proxyServerType=HTTP, password=, proxyServerAddress=, proxyServerPort=0}"/>
         <property name="platform" value="Windows 8.1"/>
      </properties>
      <testcase name="Test Cases/regg" classname="Test Cases/regg" status="PASSED">
         <system-out><![CDATA[2018-06-21 16:25:10 - [TEST_CASE][PASSED] - Test Cases/regg: Test Cases/regg

2018-06-21 16:25:11 - [TEST_STEP][PASSED] - openBrowser: Browser is opened with url: ''

2018-06-21 16:25:28 - [MESSAGE][PASSED] - Browser is opened with url: ''

2018-06-21 16:25:28 - [TEST_STEP][PASSED] - navigateToUrl: Navigate to 'http://staging.walmart.triadretail.net/OldSpiceAmericanLegends' successfully

2018-06-21 16:25:31 - [MESSAGE][PASSED] - Navigate to 'http://staging.walmart.triadretail.net/OldSpiceAmericanLegends' successfully

2018-06-21 16:25:31 - [TEST_STEP][PASSED] - verifyElementPresent: Object 'Object Repository/spy_Old_Spice/p_Important Walmart Disclaimer' is present

2018-06-21 16:25:31 - [MESSAGE][PASSED] - Object 'Object Repository/spy_Old_Spice/p_Important Walmart Disclaimer' is present

2018-06-21 16:25:31 - [TEST_STEP][PASSED] - verifyElementPresent: Object 'Object Repository/spy_Old_Spice/img_pov1 active' is present

2018-06-21 16:25:31 - [MESSAGE][PASSED] - Object 'Object Repository/spy_Old_Spice/img_pov1 active' is present

2018-06-21 16:25:31 - [TEST_STEP][PASSED] - verifyElementPresent: Object 'Object Repository/spy_Old_Spice/div_Old Spice Red Zone Collect' is present

2018-06-21 16:25:31 - [MESSAGE][PASSED] - Object 'Object Repository/spy_Old_Spice/div_Old Spice Red Zone Collect' is present

2018-06-21 16:25:31 - [TEST_STEP][PASSED] - verifyElementPresent: Object 'Object Repository/spy_Old_Spice/a_Tile-linkOverlay js-tile-lin' is present

2018-06-21 16:25:31 - [MESSAGE][PASSED] - Object 'Object Repository/spy_Old_Spice/a_Tile-linkOverlay js-tile-lin' is present

2018-06-21 16:25:31 - [TEST_STEP][PASSED] - verifyElementPresent: Object 'Object Repository/spy_Old_Spice/a_btn-midnight' is present

2018-06-21 16:25:31 - [MESSAGE][PASSED] - Object 'Object Repository/spy_Old_Spice/a_btn-midnight' is present

2018-06-21 16:25:31 - [TEST_STEP][PASSED] - verifyElementPresent: Object 'Object Repository/spy_Old_Spice/a_btn-blastoff active' is present

2018-06-21 16:25:31 - [MESSAGE][PASSED] - Object 'Object Repository/spy_Old_Spice/a_btn-blastoff active' is present

2018-06-21 16:25:31 - [TEST_STEP][PASSED] - closeBrowser: Browser is closed

2018-06-21 16:25:32 - [MESSAGE][PASSED] - Browser is closed]]></system-out>
         <system-err><![CDATA[]]></system-err>
      </testcase>
      <system-out><![CDATA[2018-06-21 16:25:09 - [TEST_SUITE][PASSED] - firefox: Test Cases/regg]]></system-out>
      <system-err><![CDATA[]]></system-err>
   </testsuite>
</testsuites>
